start:Fri Aug 26 02:01:58 JST 2022
yanarhs_part1
yanarhs_part2
yanarhs_part3
yanarhs_part4
yana_j_part1
yana_j_part2
yana_j_part3
yana_j_part4
finish:Fri Aug 26 02:02:00 JST 2022
start:Fri Aug 26 02:02:00 JST 2022
yanarhs_part1
yanarhs_part2
yanarhs_part3
yanarhs_part4
yana_j_part1
yana_j_part2
yana_j_part3
yana_j_part4
finish:Fri Aug 26 02:02:04 JST 2022
start:Fri Aug 26 02:02:04 JST 2022
yanarhs_part1
yanarhs_part2
yanarhs_part3
yanarhs_part4
yana_j_part1
yana_j_part2
yana_j_part3
yana_j_part4
finish:Fri Aug 26 02:02:06 JST 2022
start:Fri Aug 26 02:02:06 JST 2022
yanarhs_part1
yanarhs_part2
yanarhs_part3
yanarhs_part4
yana_j_part1
yana_j_part2
yana_j_part3
yana_j_part4
finish:Fri Aug 26 02:02:09 JST 2022
start:Fri Aug 26 02:02:09 JST 2022
yanarhs_part3
yanarhs_part3
finish:Fri Aug 26 02:02:10 JST 2022
start:Fri Aug 26 02:02:10 JST 2022
yanarhs_part3
yanarhs_part3
finish:Fri Aug 26 02:02:10 JST 2022
start:Fri Aug 26 02:02:10 JST 2022
yanarhs_part3
yanarhs_part3
finish:Fri Aug 26 02:02:11 JST 2022
start:Fri Aug 26 02:02:11 JST 2022
yanarhs_part3
yanarhs_part3
finish:Fri Aug 26 02:02:12 JST 2022
start:Fri Aug 26 02:02:12 JST 2022
yanarhs_mini02
yanarhs_mini03
yanarhs_mini04
yanarhs_mini05
yanarhs_mini02
yanarhs_mini03
yanarhs_mini04
yanarhs_mini05
yana_j_mini02
yana_j_mini03
yana_j_mini04
yana_j_mini05
yana_j_mini02
yana_j_mini03
yana_j_mini04
yana_j_mini05
finish:Fri Aug 26 02:02:16 JST 2022
