start:Wed Aug 31 12:33:21 JST 2022
yana_j_part1
yana_j_part2
finish:Wed Aug 31 12:33:23 JST 2022
start:Wed Aug 31 12:33:23 JST 2022
yana_j_part1
yana_j_part2
finish:Wed Aug 31 12:33:24 JST 2022
start:Wed Aug 31 12:33:24 JST 2022
yana_j_part1
yana_j_part2
finish:Wed Aug 31 12:33:25 JST 2022
start:Wed Aug 31 12:33:25 JST 2022
yana_j_part1
yana_j_part2

Command 'cho' not found, did you mean:

  command 'who' from deb coreutils (8.30-3ubuntu2)
  command 'cht' from deb chemtool (1.6.14-5)
  command 'co' from deb rcs (5.9.4-6)
  command 'cdo' from deb cdo (1.9.9~rc1-1)
  command 'echo' from deb coreutils (8.30-3ubuntu2)

Try: sudo apt install <deb name>

start:Wed Aug 31 12:33:26 JST 2022
yana_j_part1
yana_j_part2
finish:Wed Aug 31 12:33:27 JST 2022
start:Wed Aug 31 12:33:48 JST 2022
yana_j_part1
yana_j_part2
finish:Wed Aug 31 12:33:48 JST 2022
start:Wed Aug 31 12:33:48 JST 2022
yana_j_part1
yana_j_part2
finish:Wed Aug 31 12:33:49 JST 2022
start:Wed Aug 31 12:33:49 JST 2022
yana_j_part1
yana_j_part2
finish:Wed Aug 31 12:33:49 JST 2022
start:Wed Aug 31 12:33:49 JST 2022
yana_j_part1
yana_j_part2
finish:Wed Aug 31 12:33:50 JST 2022
start:Wed Aug 31 12:33:50 JST 2022
yana_j_part1
yana_j_part2
finish:Wed Aug 31 12:33:50 JST 2022
