start:Fri Aug 19 10:48:33 JST 2022
/mnt/hdd/hmiwa/m_20211215/07_yana_saami3/git/analysis_yanarhsf3_2/localRfstats/sources/yanarhs_f3_analysis_ch1.mini01_part1.txt: No such file or directory
part
/mnt/hdd/hmiwa/m_20211215/07_yana_saami3/git/analysis_yanarhsf3_2/localRfstats/sources/yanarhs_f3_analysis_ch1.mini01_part1.txt: No such file or directory
part
/mnt/hdd/hmiwa/m_20211215/07_yana_saami3/git/analysis_yanarhsf3_2/localRfstats/sources/yanarhs_f3_analysis_ch1.mini01_part1.txt: No such file or directory
part
/mnt/hdd/hmiwa/m_20211215/07_yana_saami3/git/analysis_yanarhsf3_2/localRfstats/sources/yanarhs_f3_analysis_ch1.mini01_part1.txt: No such file or directory
part
part
part
part
part
cut: option requires an argument -- 'b'
Try 'cut --help' for more information.
done
cut: option requires an argument -- 'b'
Try 'cut --help' for more information.
done
cut: option requires an argument -- 'b'
Try 'cut --help' for more information.
done
cut: option requires an argument -- 'b'
Try 'cut --help' for more information.
done
/mnt/hdd/hmiwa/m_20211215/07_yana_saami3/git/analysis_yanarhsf3_2/localRfstats/sources/yana_j_f3_analysis_ch1.mini01_part4.txt: No such file or directory
part
/mnt/hdd/hmiwa/m_20211215/07_yana_saami3/git/analysis_yanarhsf3_2/localRfstats/sources/yana_j_f3_analysis_ch1.mini01_part4.txt: No such file or directory
/mnt/hdd/hmiwa/m_20211215/07_yana_saami3/git/analysis_yanarhsf3_2/localRfstats/sources/yana_j_f3_analysis_ch1.mini01_part4.txt: No such file or directory
part
/mnt/hdd/hmiwa/m_20211215/07_yana_saami3/git/analysis_yanarhsf3_2/localRfstats/sources/yana_j_f3_analysis_ch1.mini01_part4.txt: No such file or directory
part
-bash: /mnt/hdd/hmiwa/m_20211215/07_yana_saami3/git/analysis_yanarhsf3_2/localRfstats/sources/yana_j_f3_analysis_ch1.mini01_part1.u.txt: No such file or directory
part
-bash: /mnt/hdd/hmiwa/m_20211215/07_yana_saami3/git/analysis_yanarhsf3_2/localRfstats/sources/yana_j_f3_analysis_ch1.mini01_part2.u.txt: No such file or directory
part
-bash: /mnt/hdd/hmiwa/m_20211215/07_yana_saami3/git/analysis_yanarhsf3_2/localRfstats/sources/yana_j_f3_analysis_ch1.mini01_part3.u.txt: No such file or directory
part
part
cut: option requires an argument -- 'b'
Try 'cut --help' for more information.
done
cut: option requires an argument -- 'b'
Try 'cut --help' for more information.
done
cut: option requires an argument -- 'b'
Try 'cut --help' for more information.
done
cut: option requires an argument -- 'b'
Try 'cut --help' for more information.
done
finish:Fri Aug 19 10:48:36 JST 2022
start:Fri Aug 19 10:51:52 JST 2022
part
part
part
part
part
part
part
part
done
done
done
done
part
part
part
part
part
part
part
part
done
done
done
done
finish:Fri Aug 19 10:52:25 JST 2022
start:Fri Aug 19 10:54:56 JST 2022
part
part
part
part
part
part
part
part
done
done
done
done
part
part
part
part
part
part
part
part
done
done
done
done
finish:Fri Aug 19 10:55:23 JST 2022
start:Fri Aug 19 10:58:07 JST 2022
part
part
part
part
part
part
part
part
done
done
done
done
part
part
part
part
part
part
part
part
done
done
done
done
finish:Fri Aug 19 10:58:38 JST 2022
