start:Thu Aug 25 22:25:52 JST 2022
/mnt/hdd/hmiwa/m_20211215/07_yana_saami3/git/analysis_yanarhsf3_2/localRfstats/sources/yanarhs_f3_analysis_ch1.mini01_part3.1.txt: No such file or directory
part
/mnt/hdd/hmiwa/m_20211215/07_yana_saami3/git/analysis_yanarhsf3_2/localRfstats/sources/yanarhs_f3_analysis_ch1.mini01_part3.2.txt: No such file or directory
part
part
cut: option requires an argument -- 'b'
Try 'cut --help' for more information.
done
part
cut: option requires an argument -- 'b'
Try 'cut --help' for more information.
done
finish:Thu Aug 25 22:25:53 JST 2022
start:Thu Aug 25 22:26:39 JST 2022
part
part
part
done
part
done
finish:Thu Aug 25 22:26:54 JST 2022
